<?xml version="1.0" encoding="UTF-8"?>
<testng-results ignored="0" total="1" passed="1" failed="0" skipped="0">
  <reporter-output>
  </reporter-output>
  <suite started-at="2022-09-20T18:07:06 IST" name="Default suite" finished-at="2022-09-20T18:07:56 IST" duration-ms="49649">
    <groups>
    </groups>
    <test started-at="2022-09-20T18:07:06 IST" name="Default test" finished-at="2022-09-20T18:07:56 IST" duration-ms="49649">
      <class name="TestPages.TestScript">
        <test-method is-config="true" signature="beforeTest()[pri:0, instance:TestPages.TestScript@1556f2dd]" started-at="2022-09-20T18:07:06 IST" name="beforeTest" finished-at="2022-09-20T18:07:23 IST" duration-ms="16701" status="PASS">
          <reporter-output>
          </reporter-output>
        </test-method> <!-- beforeTest -->
        <test-method signature="test1()[pri:0, instance:TestPages.TestScript@1556f2dd]" started-at="2022-09-20T18:07:23 IST" name="test1" finished-at="2022-09-20T18:07:56 IST" duration-ms="32743" status="PASS">
          <reporter-output>
          </reporter-output>
        </test-method> <!-- test1 -->
      </class> <!-- TestPages.TestScript -->
    </test> <!-- Default test -->
  </suite> <!-- Default suite -->
</testng-results>
