<?xml version="1.0" encoding="UTF-8"?>
<!-- Generated by org.testng.reporters.JUnitXMLReporter -->
<testsuite ignored="0" hostname="NSL-6533" failures="0" tests="6" name="Default test" time="55.41" errors="0" timestamp="2022-07-13T16:01:41 IST">
  <testcase classname="demo.Login" name="test1" time="11.283"/>
  <testcase classname="demo.Login" name="test2" time="7.379"/>
  <testcase classname="demo.Login" name="test3" time="7.036"/>
  <testcase classname="demo.Login" name="test4" time="7.193"/>
  <testcase classname="demo.Login" name="test6" time="6.893"/>
  <testcase classname="demo.Login" name="test7" time="7.857"/>
</testsuite> <!-- Default test -->
